Using pre-set license
Built from '2020.3/staging' branch; Version is '2020.3.5f1 (8095aa901b9b) revision 8426922'; Using compiler version '192528614'; Build Type 'Release'
OS: 'Windows 10 Enterprise LTSC 2019; OS build 17763.2061; Version 1809; 64bit' Language: 'ru' Physical Memory: 8174 MB
BatchMode: 1, IsHumanControllingUs: 0, StartBugReporterOnCrash: 0, Is64bit: 1, IsPro: 0

 COMMAND LINE ARGUMENTS:
D:\un\2020.3.5f1\Editor\Unity.exe
-adb2
-batchMode
-noUpm
-name
AssetImportWorker0
-projectPath
D:/UnityStudy/HelixJump
-logFile
Logs/AssetImportWorker0.log
-srvPort
5414
Successfully changed project path to: D:/UnityStudy/HelixJump
D:/UnityStudy/HelixJump
Using Asset Import Pipeline V2.
Refreshing native plugins compatible for Editor in 51.71 ms, found 0 plugins.
Preloading 0 native plugins for Editor in 0.00 ms.
Initialize engine version: 2020.3.5f1 (8095aa901b9b)
[Subsystems] Discovering subsystems at path D:/un/2020.3.5f1/Editor/Data/Resources/UnitySubsystems
[Subsystems] Discovering subsystems at path D:/UnityStudy/HelixJump/Assets
GfxDevice: creating device client; threaded=0
Direct3D:
    Version:  Direct3D 11.0 [level 11.1]
    Renderer: NVIDIA GeForce GTX 1050 (ID=0x1c81)
    Vendor:   
    VRAM:     1977 MB
    Driver:   27.21.14.6140
Initialize mono
Mono path[0] = 'D:/un/2020.3.5f1/Editor/Data/Managed'
Mono path[1] = 'D:/un/2020.3.5f1/Editor/Data/MonoBleedingEdge/lib/mono/unityjit'
Mono config path = 'D:/un/2020.3.5f1/Editor/Data/MonoBleedingEdge/etc'
Using monoOptions --debugger-agent=transport=dt_socket,embedding=1,server=y,suspend=n,address=127.0.0.1:56180
Begin MonoManager ReloadAssembly
Registering precompiled unity dll's ...
Register platform support module: D:/un/2020.3.5f1/Editor/Data/PlaybackEngines/WebGLSupport/UnityEditor.WebGL.Extensions.dll
Register platform support module: D:/un/2020.3.5f1/Editor/Data/PlaybackEngines/WindowsStandaloneSupport/UnityEditor.WindowsStandalone.Extensions.dll
Registered in 0.002358 seconds.
Native extension for WindowsStandalone target not found
Native extension for WebGL target not found
Refreshing native plugins compatible for Editor in 50.57 ms, found 0 plugins.
Preloading 0 native plugins for Editor in 0.00 ms.
Mono: successfully reloaded assembly
- Completed reload, in  3.425 seconds
Platform modules already initialized, skipping
Registering precompiled user dll's ...
Registered in 0.000992 seconds.
Begin MonoManager ReloadAssembly
Native extension for WindowsStandalone target not found
Native extension for WebGL target not found
Refreshing native plugins compatible for Editor in 0.44 ms, found 0 plugins.
Preloading 0 native plugins for Editor in 0.00 ms.
Mono: successfully reloaded assembly
- Completed reload, in  1.606 seconds
Platform modules already initialized, skipping
========================================================================
Worker process is ready to serve import requests
Launched and connected shader compiler UnityShaderCompiler.exe after 0.10 seconds
Refreshing native plugins compatible for Editor in 0.52 ms, found 0 plugins.
Preloading 0 native plugins for Editor in 0.00 ms.
Unloading 1487 Unused Serialized files (Serialized files now loaded: 0)
System memory in use before: 72.5 MB.
System memory in use after: 72.5 MB.

Unloading 11 unused Assets to reduce memory usage. Loaded Objects now: 1930.
Total: 5.061300 ms (FindLiveObjects: 0.435100 ms CreateObjectMapping: 0.112500 ms MarkObjects: 4.228300 ms  DeleteObjects: 0.283600 ms)

========================================================================
Received Import Request.
  path: Assets/Prefabs/60D.prefab
  artifactKey: Guid(f15f0636b2ec0034c8344504fd2599ef) Importer(815301076,1909f56bfc062723c751e8b465ee728b)
Start importing Assets/Prefabs/60D.prefab using Guid(f15f0636b2ec0034c8344504fd2599ef) Importer(815301076,1909f56bfc062723c751e8b465ee728b)  -> (artifact id: '924125e3e6f5f5302d5e8ef987035636') in 0.191320 seconds
  Import took 0.198717 seconds .

========================================================================
Received Import Request.
  Time since last request: 0.000409 seconds.
  path: Assets/Prefabs/90D.prefab
  artifactKey: Guid(3bb7464c2040673479b356e35d267d68) Importer(815301076,1909f56bfc062723c751e8b465ee728b)
Start importing Assets/Prefabs/90D.prefab using Guid(3bb7464c2040673479b356e35d267d68) Importer(815301076,1909f56bfc062723c751e8b465ee728b)  -> (artifact id: 'c9c16529ca85d914b82ae4b0619ca266') in 0.018587 seconds
  Import took 0.022584 seconds .

========================================================================
Received Prepare
Refreshing native plugins compatible for Editor in 1.26 ms, found 0 plugins.
Preloading 0 native plugins for Editor in 0.00 ms.
Unloading 4 Unused Serialized files (Serialized files now loaded: 0)
System memory in use before: 44.6 MB.
System memory in use after: 44.7 MB.

Unloading 4 unused Assets to reduce memory usage. Loaded Objects now: 1937.
Total: 4.784000 ms (FindLiveObjects: 0.356600 ms CreateObjectMapping: 0.093300 ms MarkObjects: 4.142800 ms  DeleteObjects: 0.189400 ms)

========================================================================
Received Import Request.
  Time since last request: 12.644440 seconds.
  path: Assets/Prefabs/60D 1.prefab
  artifactKey: Guid(7603a4fdf521ba542b00ed34205c429a) Importer(815301076,1909f56bfc062723c751e8b465ee728b)
Start importing Assets/Prefabs/60D 1.prefab using Guid(7603a4fdf521ba542b00ed34205c429a) Importer(815301076,1909f56bfc062723c751e8b465ee728b)  -> (artifact id: 'ab044add670c280b922d12a99c37c0f3') in 0.025570 seconds
  Import took 0.030068 seconds .

========================================================================
Received Import Request.
  Time since last request: 5.242773 seconds.
  path: Assets/Prefabs/90.prefab
  artifactKey: Guid(7603a4fdf521ba542b00ed34205c429a) Importer(815301076,1909f56bfc062723c751e8b465ee728b)
Start importing Assets/Prefabs/90.prefab using Guid(7603a4fdf521ba542b00ed34205c429a) Importer(815301076,1909f56bfc062723c751e8b465ee728b)  -> (artifact id: '84bd0165dfaad111777783df14796978') in 0.023563 seconds
  Import took 0.027878 seconds .

========================================================================
Received Import Request.
  Time since last request: 0.013859 seconds.
  path: Assets/Prefabs/90.prefab
  artifactKey: Guid(7603a4fdf521ba542b00ed34205c429a) Importer(815301076,1909f56bfc062723c751e8b465ee728b)
Start importing Assets/Prefabs/90.prefab using Guid(7603a4fdf521ba542b00ed34205c429a) Importer(815301076,1909f56bfc062723c751e8b465ee728b)  -> (artifact id: '84bd0165dfaad111777783df14796978') in 0.020385 seconds
  Import took 0.024498 seconds .

========================================================================
Received Import Request.
  Time since last request: 5.555369 seconds.
  path: Assets/Prefabs/90D.prefab
  artifactKey: Guid(7603a4fdf521ba542b00ed34205c429a) Importer(815301076,1909f56bfc062723c751e8b465ee728b)
Start importing Assets/Prefabs/90D.prefab using Guid(7603a4fdf521ba542b00ed34205c429a) Importer(815301076,1909f56bfc062723c751e8b465ee728b)  -> (artifact id: '821b77345211dff128cb6f8565b1544b') in 0.017767 seconds
  Import took 0.022229 seconds .

========================================================================
Received Import Request.
  Time since last request: 0.017724 seconds.
  path: Assets/Prefabs/90D.prefab
  artifactKey: Guid(7603a4fdf521ba542b00ed34205c429a) Importer(815301076,1909f56bfc062723c751e8b465ee728b)
Start importing Assets/Prefabs/90D.prefab using Guid(7603a4fdf521ba542b00ed34205c429a) Importer(815301076,1909f56bfc062723c751e8b465ee728b)  -> (artifact id: '821b77345211dff128cb6f8565b1544b') in 0.022568 seconds
  Import took 0.026752 seconds .

========================================================================
Received Import Request.
  Time since last request: 4.932796 seconds.
  path: Assets/Prefabs/90D.prefab
  artifactKey: Guid(7603a4fdf521ba542b00ed34205c429a) Importer(815301076,1909f56bfc062723c751e8b465ee728b)
Start importing Assets/Prefabs/90D.prefab using Guid(7603a4fdf521ba542b00ed34205c429a) Importer(815301076,1909f56bfc062723c751e8b465ee728b)  -> (artifact id: '6c9b519567308d2dc8bf70ac28b50def') in 0.023449 seconds
  Import took 0.029119 seconds .

========================================================================
Received Import Request.
  Time since last request: 0.007439 seconds.
  path: Assets/Prefabs/90D.prefab
  artifactKey: Guid(7603a4fdf521ba542b00ed34205c429a) Importer(815301076,1909f56bfc062723c751e8b465ee728b)
Start importing Assets/Prefabs/90D.prefab using Guid(7603a4fdf521ba542b00ed34205c429a) Importer(815301076,1909f56bfc062723c751e8b465ee728b)  -> (artifact id: '6c9b519567308d2dc8bf70ac28b50def') in 0.022019 seconds
  Import took 0.026510 seconds .

========================================================================
Received Import Request.
  Time since last request: 5.889265 seconds.
  path: Assets/Prefabs/90D.prefab
  artifactKey: Guid(7603a4fdf521ba542b00ed34205c429a) Importer(815301076,1909f56bfc062723c751e8b465ee728b)
Start importing Assets/Prefabs/90D.prefab using Guid(7603a4fdf521ba542b00ed34205c429a) Importer(815301076,1909f56bfc062723c751e8b465ee728b)  -> (artifact id: '803d459a139a07a63e31aebea5c6cf7f') in 0.018905 seconds
  Import took 0.023110 seconds .

========================================================================
Received Import Request.
  Time since last request: 0.010591 seconds.
  path: Assets/Prefabs/90D.prefab
  artifactKey: Guid(7603a4fdf521ba542b00ed34205c429a) Importer(815301076,1909f56bfc062723c751e8b465ee728b)
Start importing Assets/Prefabs/90D.prefab using Guid(7603a4fdf521ba542b00ed34205c429a) Importer(815301076,1909f56bfc062723c751e8b465ee728b)  -> (artifact id: '803d459a139a07a63e31aebea5c6cf7f') in 0.025200 seconds
  Import took 0.029087 seconds .

========================================================================
Received Import Request.
  Time since last request: 5.006627 seconds.
  path: Assets/Prefabs/Platforms/FinishPlatform.prefab
  artifactKey: Guid(b6a87674302f85746878e35f159d9c71) Importer(815301076,1909f56bfc062723c751e8b465ee728b)
Start importing Assets/Prefabs/Platforms/FinishPlatform.prefab using Guid(b6a87674302f85746878e35f159d9c71) Importer(815301076,1909f56bfc062723c751e8b465ee728b)  -> (artifact id: '4c7d08e097fb0efa0565504a06cfacff') in 0.008965 seconds
  Import took 0.012897 seconds .

========================================================================
Received Import Request.
  Time since last request: 0.000278 seconds.
  path: Assets/Prefabs/Platforms/Platform.prefab
  artifactKey: Guid(e259d258fd3affe48b07284a0aab35eb) Importer(815301076,1909f56bfc062723c751e8b465ee728b)
Start importing Assets/Prefabs/Platforms/Platform.prefab using Guid(e259d258fd3affe48b07284a0aab35eb) Importer(815301076,1909f56bfc062723c751e8b465ee728b)  -> (artifact id: '15a31a49c4afc7f3443fac52e839423a') in 0.037096 seconds
  Import took 0.054898 seconds .

========================================================================
Received Import Request.
  Time since last request: 0.000468 seconds.
  path: Assets/Prefabs/Platforms/SpawnPlatform.prefab
  artifactKey: Guid(63ea6bda176f98943b05a4f92396fe24) Importer(815301076,1909f56bfc062723c751e8b465ee728b)
Start importing Assets/Prefabs/Platforms/SpawnPlatform.prefab using Guid(63ea6bda176f98943b05a4f92396fe24) Importer(815301076,1909f56bfc062723c751e8b465ee728b)  -> (artifact id: 'ada8d50a3469b416cb418ec0a6f32db4') in 0.011628 seconds
  Import took 0.015495 seconds .

========================================================================
Received Import Request.
  Time since last request: 128.624059 seconds.
  path: Assets/Prefabs/Platforms/Platform.prefab
  artifactKey: Guid(e259d258fd3affe48b07284a0aab35eb) Importer(815301076,1909f56bfc062723c751e8b465ee728b)
Start importing Assets/Prefabs/Platforms/Platform.prefab using Guid(e259d258fd3affe48b07284a0aab35eb) Importer(815301076,1909f56bfc062723c751e8b465ee728b)  -> (artifact id: 'a63ce7ce0d59b69c32bab570f9f6928d') in 0.018991 seconds
  Import took 0.023714 seconds .

========================================================================
Received Import Request.
  Time since last request: 5.466360 seconds.
  path: Assets/Prefabs/Platforms/FinishPlatform.prefab
  artifactKey: Guid(b6a87674302f85746878e35f159d9c71) Importer(815301076,1909f56bfc062723c751e8b465ee728b)
Start importing Assets/Prefabs/Platforms/FinishPlatform.prefab using Guid(b6a87674302f85746878e35f159d9c71) Importer(815301076,1909f56bfc062723c751e8b465ee728b)  -> (artifact id: 'c65c90b71e1790d00b14358609842c2c') in 0.010800 seconds
  Import took 0.015061 seconds .

========================================================================
Received Import Request.
  Time since last request: 18.631942 seconds.
  path: Assets/Prefabs/Platforms/FinishPlatform.prefab
  artifactKey: Guid(b6a87674302f85746878e35f159d9c71) Importer(815301076,1909f56bfc062723c751e8b465ee728b)
Start importing Assets/Prefabs/Platforms/FinishPlatform.prefab using Guid(b6a87674302f85746878e35f159d9c71) Importer(815301076,1909f56bfc062723c751e8b465ee728b)  -> (artifact id: 'f4a88879664ad6209ebdb030922f4c56') in 0.018911 seconds
  Import took 0.023233 seconds .

========================================================================
Received Import Request.
  Time since last request: 73.922554 seconds.
  path: Assets/Prefabs/Platforms/SpawnPlatform.prefab
  artifactKey: Guid(63ea6bda176f98943b05a4f92396fe24) Importer(815301076,1909f56bfc062723c751e8b465ee728b)
Start importing Assets/Prefabs/Platforms/SpawnPlatform.prefab using Guid(63ea6bda176f98943b05a4f92396fe24) Importer(815301076,1909f56bfc062723c751e8b465ee728b)  -> (artifact id: '9527165f5f020cb2aafb8da255bbbccb') in 0.014165 seconds
  Import took 0.018017 seconds .

========================================================================
Received Import Request.
  Time since last request: 10.962356 seconds.
  path: Assets/Prefabs/Platforms/Platform.prefab
  artifactKey: Guid(e259d258fd3affe48b07284a0aab35eb) Importer(815301076,1909f56bfc062723c751e8b465ee728b)
Start importing Assets/Prefabs/Platforms/Platform.prefab using Guid(e259d258fd3affe48b07284a0aab35eb) Importer(815301076,1909f56bfc062723c751e8b465ee728b)  -> (artifact id: '1256b9653c844e36bb4c1cc170708d55') in 0.018838 seconds
  Import took 0.023768 seconds .

========================================================================
Received Prepare
Registering precompiled user dll's ...
Registered in 0.001250 seconds.
Begin MonoManager ReloadAssembly
Native extension for WindowsStandalone target not found
Native extension for WebGL target not found
Refreshing native plugins compatible for Editor in 0.50 ms, found 0 plugins.
Preloading 0 native plugins for Editor in 0.00 ms.
Mono: successfully reloaded assembly
- Completed reload, in  1.597 seconds
Platform modules already initialized, skipping
Switching build target platform(5) subTarget(0) extendedPlatform(0) -> platform(13) subTarget(537395200) extendedPlatform(0)
Refreshing native plugins compatible for Editor in 0.52 ms, found 0 plugins.
Preloading 0 native plugins for Editor in 0.00 ms.
Unloading 1463 Unused Serialized files (Serialized files now loaded: 0)
System memory in use before: 73.0 MB.
System memory in use after: 73.0 MB.

Unloading 6 unused Assets to reduce memory usage. Loaded Objects now: 1941.
Total: 3.039900 ms (FindLiveObjects: 0.304100 ms CreateObjectMapping: 0.080700 ms MarkObjects: 2.517900 ms  DeleteObjects: 0.135800 ms)

AssetImportParameters requested are different than current active one (requested -> active):
  custom:graphics/normal-map-encoding: 01000000000000000000000000000000 -> 02000000000000000000000000000000
========================================================================
Received Import Request.
  Time since last request: 75.809069 seconds.
  path: Assets/Prefabs/Platforms/SpawnPlatform.prefab
  artifactKey: Guid(63ea6bda176f98943b05a4f92396fe24) Importer(815301076,1909f56bfc062723c751e8b465ee728b)
Start importing Assets/Prefabs/Platforms/SpawnPlatform.prefab using Guid(63ea6bda176f98943b05a4f92396fe24) Importer(815301076,1909f56bfc062723c751e8b465ee728b)  -> (artifact id: 'ba16ca10ec0e2dc0672fab0a0e9ec876') in 0.093167 seconds
  Import took 0.097046 seconds .

========================================================================
Received Import Request.
  Time since last request: 1.927012 seconds.
  path: Assets/Prefabs/Platforms/SpawnPlatform.prefab
  artifactKey: Guid(63ea6bda176f98943b05a4f92396fe24) Importer(815301076,1909f56bfc062723c751e8b465ee728b)
Start importing Assets/Prefabs/Platforms/SpawnPlatform.prefab using Guid(63ea6bda176f98943b05a4f92396fe24) Importer(815301076,1909f56bfc062723c751e8b465ee728b)  -> (artifact id: '3ef5aae6822e178a3c0360f6616e1dce') in 0.016305 seconds
  Import took 0.021022 seconds .

========================================================================
Received Prepare
Registering precompiled user dll's ...
Registered in 0.001221 seconds.
Begin MonoManager ReloadAssembly
Native extension for WindowsStandalone target not found
Native extension for WebGL target not found
Refreshing native plugins compatible for Editor in 0.52 ms, found 0 plugins.
Preloading 0 native plugins for Editor in 0.00 ms.
Mono: successfully reloaded assembly
- Completed reload, in  1.349 seconds
Platform modules already initialized, skipping
Switching build target platform(5) subTarget(0) extendedPlatform(0) -> platform(13) subTarget(537395200) extendedPlatform(0)
Refreshing native plugins compatible for Editor in 0.40 ms, found 0 plugins.
Preloading 0 native plugins for Editor in 0.00 ms.
Unloading 1463 Unused Serialized files (Serialized files now loaded: 0)
System memory in use before: 73.0 MB.
System memory in use after: 73.1 MB.

Unloading 6 unused Assets to reduce memory usage. Loaded Objects now: 1945.
Total: 2.500700 ms (FindLiveObjects: 0.310300 ms CreateObjectMapping: 0.084600 ms MarkObjects: 1.977600 ms  DeleteObjects: 0.125000 ms)

AssetImportParameters requested are different than current active one (requested -> active):
  custom:graphics/normal-map-encoding: 01000000000000000000000000000000 -> 02000000000000000000000000000000
========================================================================
Received Import Request.
  Time since last request: 53.321744 seconds.
  path: Assets/Prefabs/Platforms/Platform.prefab
  artifactKey: Guid(e259d258fd3affe48b07284a0aab35eb) Importer(815301076,1909f56bfc062723c751e8b465ee728b)
Start importing Assets/Prefabs/Platforms/Platform.prefab using Guid(e259d258fd3affe48b07284a0aab35eb) Importer(815301076,1909f56bfc062723c751e8b465ee728b)  -> (artifact id: '69b008fd60496a243d232e210dbd16e9') in 0.077918 seconds
  Import took 0.081485 seconds .

========================================================================
Received Import Request.
  Time since last request: 4.223550 seconds.
  path: Assets/Prefabs/Platforms/SpawnPlatform.prefab
  artifactKey: Guid(63ea6bda176f98943b05a4f92396fe24) Importer(815301076,1909f56bfc062723c751e8b465ee728b)
Start importing Assets/Prefabs/Platforms/SpawnPlatform.prefab using Guid(63ea6bda176f98943b05a4f92396fe24) Importer(815301076,1909f56bfc062723c751e8b465ee728b)  -> (artifact id: '4cc0906f31710fdd01b2c20433512888') in 0.016403 seconds
  Import took 0.020110 seconds .

========================================================================
Received Prepare
Registering precompiled user dll's ...
Registered in 0.001310 seconds.
Begin MonoManager ReloadAssembly
Native extension for WindowsStandalone target not found
Native extension for WebGL target not found
Refreshing native plugins compatible for Editor in 0.40 ms, found 0 plugins.
Preloading 0 native plugins for Editor in 0.00 ms.
Mono: successfully reloaded assembly
- Completed reload, in  1.296 seconds
Platform modules already initialized, skipping
Switching build target platform(5) subTarget(0) extendedPlatform(0) -> platform(13) subTarget(537395200) extendedPlatform(0)
Refreshing native plugins compatible for Editor in 0.45 ms, found 0 plugins.
Preloading 0 native plugins for Editor in 0.00 ms.
Unloading 1463 Unused Serialized files (Serialized files now loaded: 0)
System memory in use before: 73.1 MB.
System memory in use after: 73.1 MB.

Unloading 6 unused Assets to reduce memory usage. Loaded Objects now: 1949.
Total: 3.258200 ms (FindLiveObjects: 0.363900 ms CreateObjectMapping: 0.141200 ms MarkObjects: 2.605300 ms  DeleteObjects: 0.146100 ms)

AssetImportParameters requested are different than current active one (requested -> active):
  custom:graphics/normal-map-encoding: 01000000000000000000000000000000 -> 02000000000000000000000000000000
========================================================================
Received Import Request.
  Time since last request: 32.202403 seconds.
  path: Assets/Prefabs/Platforms/Platform.prefab
  artifactKey: Guid(e259d258fd3affe48b07284a0aab35eb) Importer(815301076,1909f56bfc062723c751e8b465ee728b)
Start importing Assets/Prefabs/Platforms/Platform.prefab using Guid(e259d258fd3affe48b07284a0aab35eb) Importer(815301076,1909f56bfc062723c751e8b465ee728b)  -> (artifact id: '85707a019173253555a9bab944baf27b') in 0.083609 seconds
  Import took 0.087528 seconds .

========================================================================
Received Import Request.
  Time since last request: 4.064094 seconds.
  path: Assets/Prefabs/Platforms/SpawnPlatform.prefab
  artifactKey: Guid(63ea6bda176f98943b05a4f92396fe24) Importer(815301076,1909f56bfc062723c751e8b465ee728b)
Start importing Assets/Prefabs/Platforms/SpawnPlatform.prefab using Guid(63ea6bda176f98943b05a4f92396fe24) Importer(815301076,1909f56bfc062723c751e8b465ee728b)  -> (artifact id: '0bdd5ec8ebd8939eb6e01afc0f35058a') in 0.018641 seconds
  Import took 0.024808 seconds .

========================================================================
Received Prepare
Registering precompiled user dll's ...
Registered in 0.001018 seconds.
Begin MonoManager ReloadAssembly
Native extension for WindowsStandalone target not found
Native extension for WebGL target not found
Refreshing native plugins compatible for Editor in 0.43 ms, found 0 plugins.
Preloading 0 native plugins for Editor in 0.00 ms.
Mono: successfully reloaded assembly
- Completed reload, in  1.247 seconds
Platform modules already initialized, skipping
Switching build target platform(5) subTarget(0) extendedPlatform(0) -> platform(13) subTarget(537395200) extendedPlatform(0)
Refreshing native plugins compatible for Editor in 0.40 ms, found 0 plugins.
Preloading 0 native plugins for Editor in 0.00 ms.
Unloading 1463 Unused Serialized files (Serialized files now loaded: 0)
System memory in use before: 73.1 MB.
System memory in use after: 73.1 MB.

Unloading 6 unused Assets to reduce memory usage. Loaded Objects now: 1953.
Total: 2.786900 ms (FindLiveObjects: 0.317200 ms CreateObjectMapping: 0.082000 ms MarkObjects: 2.247600 ms  DeleteObjects: 0.138800 ms)

AssetImportParameters requested are different than current active one (requested -> active):
  custom:graphics/normal-map-encoding: 01000000000000000000000000000000 -> 02000000000000000000000000000000
========================================================================
Received Prepare
Registering precompiled user dll's ...
Registered in 0.001422 seconds.
Begin MonoManager ReloadAssembly
Native extension for WindowsStandalone target not found
Native extension for WebGL target not found
Refreshing native plugins compatible for Editor in 0.45 ms, found 0 plugins.
Preloading 0 native plugins for Editor in 0.00 ms.
Mono: successfully reloaded assembly
- Completed reload, in  1.710 seconds
Platform modules already initialized, skipping
Switching build target platform(5) subTarget(0) extendedPlatform(0) -> platform(13) subTarget(537395200) extendedPlatform(0)
Refreshing native plugins compatible for Editor in 0.41 ms, found 0 plugins.
Preloading 0 native plugins for Editor in 0.00 ms.
Unloading 1463 Unused Serialized files (Serialized files now loaded: 0)
System memory in use before: 73.1 MB.
System memory in use after: 73.1 MB.

Unloading 6 unused Assets to reduce memory usage. Loaded Objects now: 1956.
Total: 2.669100 ms (FindLiveObjects: 0.308100 ms CreateObjectMapping: 0.081400 ms MarkObjects: 2.143700 ms  DeleteObjects: 0.127800 ms)

AssetImportParameters requested are different than current active one (requested -> active):
  custom:graphics/normal-map-encoding: 01000000000000000000000000000000 -> 02000000000000000000000000000000
========================================================================
Received Prepare
Registering precompiled user dll's ...
Registered in 0.001374 seconds.
Begin MonoManager ReloadAssembly
Native extension for WindowsStandalone target not found
Native extension for WebGL target not found
Refreshing native plugins compatible for Editor in 0.40 ms, found 0 plugins.
Preloading 0 native plugins for Editor in 0.00 ms.
Mono: successfully reloaded assembly
- Completed reload, in  1.381 seconds
Platform modules already initialized, skipping
Switching build target platform(5) subTarget(0) extendedPlatform(0) -> platform(13) subTarget(537395200) extendedPlatform(0)
Refreshing native plugins compatible for Editor in 0.47 ms, found 0 plugins.
Preloading 0 native plugins for Editor in 0.00 ms.
Unloading 1463 Unused Serialized files (Serialized files now loaded: 0)
System memory in use before: 73.1 MB.
System memory in use after: 73.1 MB.

Unloading 6 unused Assets to reduce memory usage. Loaded Objects now: 1959.
Total: 3.394700 ms (FindLiveObjects: 0.421500 ms CreateObjectMapping: 0.104400 ms MarkObjects: 2.726700 ms  DeleteObjects: 0.140200 ms)

AssetImportParameters requested are different than current active one (requested -> active):
  custom:graphics/normal-map-encoding: 01000000000000000000000000000000 -> 02000000000000000000000000000000
========================================================================
Received Import Request.
  Time since last request: 222.941318 seconds.
  path: Assets/Prefabs/90D.prefab
  artifactKey: Guid(7603a4fdf521ba542b00ed34205c429a) Importer(815301076,1909f56bfc062723c751e8b465ee728b)
Start importing Assets/Prefabs/90D.prefab using Guid(7603a4fdf521ba542b00ed34205c429a) Importer(815301076,1909f56bfc062723c751e8b465ee728b)  -> (artifact id: '86a1be6c524ceb8902c3c88e5acdc137') in 0.090082 seconds
  Import took 0.094084 seconds .

========================================================================
Received Import Request.
  Time since last request: 0.334251 seconds.
  path: Assets/Prefabs/60D.prefab
  artifactKey: Guid(f15f0636b2ec0034c8344504fd2599ef) Importer(815301076,1909f56bfc062723c751e8b465ee728b)
Start importing Assets/Prefabs/60D.prefab using Guid(f15f0636b2ec0034c8344504fd2599ef) Importer(815301076,1909f56bfc062723c751e8b465ee728b)  -> (artifact id: 'd9d809d04a0205c622f5152dc6887677') in 0.016406 seconds
  Import took 0.020987 seconds .

========================================================================
Received Prepare
Registering precompiled user dll's ...
Registered in 0.001334 seconds.
Begin MonoManager ReloadAssembly
Native extension for WindowsStandalone target not found
Native extension for WebGL target not found
Refreshing native plugins compatible for Editor in 0.44 ms, found 0 plugins.
Preloading 0 native plugins for Editor in 0.00 ms.
Mono: successfully reloaded assembly
- Completed reload, in  1.399 seconds
Platform modules already initialized, skipping
Switching build target platform(5) subTarget(0) extendedPlatform(0) -> platform(13) subTarget(537395200) extendedPlatform(0)
Refreshing native plugins compatible for Editor in 0.40 ms, found 0 plugins.
Preloading 0 native plugins for Editor in 0.00 ms.
Unloading 1463 Unused Serialized files (Serialized files now loaded: 0)
System memory in use before: 73.1 MB.
System memory in use after: 73.1 MB.

Unloading 6 unused Assets to reduce memory usage. Loaded Objects now: 1963.
Total: 3.299900 ms (FindLiveObjects: 0.397300 ms CreateObjectMapping: 0.151000 ms MarkObjects: 2.559900 ms  DeleteObjects: 0.189900 ms)

AssetImportParameters requested are different than current active one (requested -> active):
  custom:graphics/normal-map-encoding: 01000000000000000000000000000000 -> 02000000000000000000000000000000
========================================================================
Received Prepare
Registering precompiled user dll's ...
Registered in 0.001171 seconds.
Begin MonoManager ReloadAssembly
Native extension for WindowsStandalone target not found
Native extension for WebGL target not found
Refreshing native plugins compatible for Editor in 0.44 ms, found 0 plugins.
Preloading 0 native plugins for Editor in 0.00 ms.
Mono: successfully reloaded assembly
- Completed reload, in  1.390 seconds
Platform modules already initialized, skipping
Switching build target platform(5) subTarget(0) extendedPlatform(0) -> platform(13) subTarget(537395200) extendedPlatform(0)
Refreshing native plugins compatible for Editor in 0.41 ms, found 0 plugins.
Preloading 0 native plugins for Editor in 0.00 ms.
Unloading 1463 Unused Serialized files (Serialized files now loaded: 0)
System memory in use before: 73.1 MB.
System memory in use after: 73.2 MB.

Unloading 6 unused Assets to reduce memory usage. Loaded Objects now: 1966.
Total: 3.012900 ms (FindLiveObjects: 0.326400 ms CreateObjectMapping: 0.088300 ms MarkObjects: 2.465000 ms  DeleteObjects: 0.132000 ms)

AssetImportParameters requested are different than current active one (requested -> active):
  custom:graphics/normal-map-encoding: 01000000000000000000000000000000 -> 02000000000000000000000000000000
========================================================================
Received Import Request.
  Time since last request: 149.354815 seconds.
  path: Assets/Prefabs/60D.prefab
  artifactKey: Guid(f15f0636b2ec0034c8344504fd2599ef) Importer(815301076,1909f56bfc062723c751e8b465ee728b)
Start importing Assets/Prefabs/60D.prefab using Guid(f15f0636b2ec0034c8344504fd2599ef) Importer(815301076,1909f56bfc062723c751e8b465ee728b)  -> (artifact id: 'd1dad1c00a0c4d87202b09db996a315e') in 0.096798 seconds
  Import took 0.100668 seconds .

========================================================================
Received Prepare
Registering precompiled user dll's ...
Registered in 0.001159 seconds.
Begin MonoManager ReloadAssembly
Native extension for WindowsStandalone target not found
Native extension for WebGL target not found
Refreshing native plugins compatible for Editor in 0.48 ms, found 0 plugins.
Preloading 0 native plugins for Editor in 0.00 ms.
Mono: successfully reloaded assembly
- Completed reload, in  1.491 seconds
Platform modules already initialized, skipping
Switching build target platform(5) subTarget(0) extendedPlatform(0) -> platform(13) subTarget(537395200) extendedPlatform(0)
Refreshing native plugins compatible for Editor in 0.49 ms, found 0 plugins.
Preloading 0 native plugins for Editor in 0.00 ms.
Unloading 1463 Unused Serialized files (Serialized files now loaded: 0)
System memory in use before: 73.1 MB.
System memory in use after: 73.2 MB.

Unloading 6 unused Assets to reduce memory usage. Loaded Objects now: 1970.
Total: 3.200100 ms (FindLiveObjects: 0.382800 ms CreateObjectMapping: 0.091400 ms MarkObjects: 2.574000 ms  DeleteObjects: 0.149700 ms)

AssetImportParameters requested are different than current active one (requested -> active):
  custom:graphics/normal-map-encoding: 01000000000000000000000000000000 -> 02000000000000000000000000000000
========================================================================
Received Import Request.
  Time since last request: 4.983020 seconds.
  path: Assets/Prefabs/90D.prefab
  artifactKey: Guid(7603a4fdf521ba542b00ed34205c429a) Importer(815301076,1909f56bfc062723c751e8b465ee728b)
Start importing Assets/Prefabs/90D.prefab using Guid(7603a4fdf521ba542b00ed34205c429a) Importer(815301076,1909f56bfc062723c751e8b465ee728b)  -> (artifact id: '7697734aff6fba1791902c44c2955989') in 0.091039 seconds
  Import took 0.095309 seconds .

========================================================================
Received Import Request.
  Time since last request: 14.355108 seconds.
  path: Assets/Prefabs/Platforms/FinishPlatform.prefab
  artifactKey: Guid(b6a87674302f85746878e35f159d9c71) Importer(815301076,1909f56bfc062723c751e8b465ee728b)
Start importing Assets/Prefabs/Platforms/FinishPlatform.prefab using Guid(b6a87674302f85746878e35f159d9c71) Importer(815301076,1909f56bfc062723c751e8b465ee728b)  -> (artifact id: '1b20a50dc540804f326183450652db86') in 0.016934 seconds
  Import took 0.021072 seconds .

========================================================================
Received Import Request.
  Time since last request: 0.000270 seconds.
  path: Assets/Prefabs/Platforms/Platform.prefab
  artifactKey: Guid(e259d258fd3affe48b07284a0aab35eb) Importer(815301076,1909f56bfc062723c751e8b465ee728b)
Start importing Assets/Prefabs/Platforms/Platform.prefab using Guid(e259d258fd3affe48b07284a0aab35eb) Importer(815301076,1909f56bfc062723c751e8b465ee728b)  -> (artifact id: 'd8ba4854d4e312797c1d4f8be9c0a3c0') in 0.017074 seconds
  Import took 0.020548 seconds .

========================================================================
Received Import Request.
  Time since last request: 0.000573 seconds.
  path: Assets/Prefabs/Platforms/SpawnPlatform.prefab
  artifactKey: Guid(63ea6bda176f98943b05a4f92396fe24) Importer(815301076,1909f56bfc062723c751e8b465ee728b)
Start importing Assets/Prefabs/Platforms/SpawnPlatform.prefab using Guid(63ea6bda176f98943b05a4f92396fe24) Importer(815301076,1909f56bfc062723c751e8b465ee728b)  -> (artifact id: 'ab1a3fba9053c3b605236466ce20d70c') in 0.017592 seconds
  Import took 0.021797 seconds .

========================================================================
Received Import Request.
  Time since last request: 19.400416 seconds.
  path: Assets/Prefabs/Platforms/Platform.prefab
  artifactKey: Guid(e259d258fd3affe48b07284a0aab35eb) Importer(815301076,1909f56bfc062723c751e8b465ee728b)
Start importing Assets/Prefabs/Platforms/Platform.prefab using Guid(e259d258fd3affe48b07284a0aab35eb) Importer(815301076,1909f56bfc062723c751e8b465ee728b)  -> (artifact id: 'b81814d47d0dfd4d666270bca86f9c32') in 0.021480 seconds
  Import took 0.026643 seconds .

========================================================================
Received Import Request.
  Time since last request: 6.752332 seconds.
  path: Assets/Prefabs/Platforms/Platform.prefab
  artifactKey: Guid(e259d258fd3affe48b07284a0aab35eb) Importer(815301076,1909f56bfc062723c751e8b465ee728b)
Start importing Assets/Prefabs/Platforms/Platform.prefab using Guid(e259d258fd3affe48b07284a0aab35eb) Importer(815301076,1909f56bfc062723c751e8b465ee728b)  -> (artifact id: 'facc51e350f265d67254ed1392565856') in 0.021485 seconds
  Import took 0.026132 seconds .

========================================================================
Received Import Request.
  Time since last request: 8.348244 seconds.
  path: Assets/Prefabs/Platforms/SpawnPlatform.prefab
  artifactKey: Guid(63ea6bda176f98943b05a4f92396fe24) Importer(815301076,1909f56bfc062723c751e8b465ee728b)
Start importing Assets/Prefabs/Platforms/SpawnPlatform.prefab using Guid(63ea6bda176f98943b05a4f92396fe24) Importer(815301076,1909f56bfc062723c751e8b465ee728b)  -> (artifact id: '270bd054846f4c7279e9345a68982e52') in 0.019063 seconds
  Import took 0.023307 seconds .

========================================================================
Received Import Request.
  Time since last request: 9.200798 seconds.
  path: Assets/Prefabs/Platforms/SpawnPlatform.prefab
  artifactKey: Guid(63ea6bda176f98943b05a4f92396fe24) Importer(815301076,1909f56bfc062723c751e8b465ee728b)
Start importing Assets/Prefabs/Platforms/SpawnPlatform.prefab using Guid(63ea6bda176f98943b05a4f92396fe24) Importer(815301076,1909f56bfc062723c751e8b465ee728b)  -> (artifact id: 'f0c16f757d11082c8d392943c60a09ed') in 0.017825 seconds
  Import took 0.021898 seconds .

========================================================================
Received Prepare
Registering precompiled user dll's ...
Registered in 0.001291 seconds.
Begin MonoManager ReloadAssembly
Native extension for WindowsStandalone target not found
Native extension for WebGL target not found
Refreshing native plugins compatible for Editor in 0.44 ms, found 0 plugins.
Preloading 0 native plugins for Editor in 0.00 ms.
Mono: successfully reloaded assembly
- Completed reload, in  1.374 seconds
Platform modules already initialized, skipping
Switching build target platform(5) subTarget(0) extendedPlatform(0) -> platform(13) subTarget(537395200) extendedPlatform(0)
Refreshing native plugins compatible for Editor in 0.38 ms, found 0 plugins.
Preloading 0 native plugins for Editor in 0.00 ms.
Unloading 1463 Unused Serialized files (Serialized files now loaded: 0)
System memory in use before: 73.2 MB.
System memory in use after: 73.2 MB.

Unloading 6 unused Assets to reduce memory usage. Loaded Objects now: 1974.
Total: 2.469400 ms (FindLiveObjects: 0.278800 ms CreateObjectMapping: 0.076400 ms MarkObjects: 1.991000 ms  DeleteObjects: 0.122100 ms)

AssetImportParameters requested are different than current active one (requested -> active):
  custom:graphics/normal-map-encoding: 01000000000000000000000000000000 -> 02000000000000000000000000000000
========================================================================
Received Import Request.
  Time since last request: 42.875629 seconds.
  path: Assets/Scripts/Ball/BallJumper.cs
  artifactKey: Guid(f02f6e443e669834abe22c601a4589b7) Importer(815301076,1909f56bfc062723c751e8b465ee728b)
Start importing Assets/Scripts/Ball/BallJumper.cs using Guid(f02f6e443e669834abe22c601a4589b7) Importer(815301076,1909f56bfc062723c751e8b465ee728b)  -> (artifact id: '4d9d56001b230ddda7832e3bc4fb93fa') in 0.032766 seconds
  Import took 0.036432 seconds .

========================================================================
Received Prepare
Registering precompiled user dll's ...
Registered in 0.001332 seconds.
Begin MonoManager ReloadAssembly
Native extension for WindowsStandalone target not found
Native extension for WebGL target not found
Refreshing native plugins compatible for Editor in 0.40 ms, found 0 plugins.
Preloading 0 native plugins for Editor in 0.00 ms.
Mono: successfully reloaded assembly
- Completed reload, in  1.363 seconds
Platform modules already initialized, skipping
Switching build target platform(5) subTarget(0) extendedPlatform(0) -> platform(13) subTarget(537395200) extendedPlatform(0)
Refreshing native plugins compatible for Editor in 0.38 ms, found 0 plugins.
Preloading 0 native plugins for Editor in 0.00 ms.
Unloading 1463 Unused Serialized files (Serialized files now loaded: 0)
System memory in use before: 73.2 MB.
System memory in use after: 73.2 MB.

Unloading 6 unused Assets to reduce memory usage. Loaded Objects now: 1977.
Total: 2.583900 ms (FindLiveObjects: 0.291100 ms CreateObjectMapping: 0.083200 ms MarkObjects: 2.089600 ms  DeleteObjects: 0.118200 ms)

AssetImportParameters requested are different than current active one (requested -> active):
  custom:graphics/normal-map-encoding: 01000000000000000000000000000000 -> 02000000000000000000000000000000
========================================================================
Received Import Request.
  Time since last request: 54.925492 seconds.
  path: Assets/Scripts/Ball/BallJumper.cs
  artifactKey: Guid(f02f6e443e669834abe22c601a4589b7) Importer(815301076,1909f56bfc062723c751e8b465ee728b)
Start importing Assets/Scripts/Ball/BallJumper.cs using Guid(f02f6e443e669834abe22c601a4589b7) Importer(815301076,1909f56bfc062723c751e8b465ee728b)  -> (artifact id: '58e973853b18c3b29bc5d365fab16ee4') in 0.008787 seconds
  Import took 0.012055 seconds .

========================================================================
Received Prepare
Registering precompiled user dll's ...
Registered in 0.000963 seconds.
Begin MonoManager ReloadAssembly
Native extension for WindowsStandalone target not found
Native extension for WebGL target not found
Refreshing native plugins compatible for Editor in 0.41 ms, found 0 plugins.
Preloading 0 native plugins for Editor in 0.00 ms.
Mono: successfully reloaded assembly
- Completed reload, in  1.413 seconds
Platform modules already initialized, skipping
Switching build target platform(5) subTarget(0) extendedPlatform(0) -> platform(13) subTarget(537395200) extendedPlatform(0)
Refreshing native plugins compatible for Editor in 0.50 ms, found 0 plugins.
Preloading 0 native plugins for Editor in 0.00 ms.
Unloading 1463 Unused Serialized files (Serialized files now loaded: 0)
System memory in use before: 73.2 MB.
System memory in use after: 73.2 MB.

Unloading 6 unused Assets to reduce memory usage. Loaded Objects now: 1980.
Total: 2.617200 ms (FindLiveObjects: 0.317700 ms CreateObjectMapping: 0.077300 ms MarkObjects: 2.085000 ms  DeleteObjects: 0.135800 ms)

AssetImportParameters requested are different than current active one (requested -> active):
  custom:graphics/normal-map-encoding: 01000000000000000000000000000000 -> 02000000000000000000000000000000
========================================================================
Received Prepare
Registering precompiled user dll's ...
Registered in 0.001050 seconds.
Begin MonoManager ReloadAssembly
Native extension for WindowsStandalone target not found
Native extension for WebGL target not found
Refreshing native plugins compatible for Editor in 0.41 ms, found 0 plugins.
Preloading 0 native plugins for Editor in 0.00 ms.
Mono: successfully reloaded assembly
- Completed reload, in  1.415 seconds
Platform modules already initialized, skipping
Switching build target platform(5) subTarget(0) extendedPlatform(0) -> platform(13) subTarget(537395200) extendedPlatform(0)
Refreshing native plugins compatible for Editor in 0.44 ms, found 0 plugins.
Preloading 0 native plugins for Editor in 0.00 ms.
Unloading 1463 Unused Serialized files (Serialized files now loaded: 0)
System memory in use before: 73.2 MB.
System memory in use after: 73.2 MB.

Unloading 6 unused Assets to reduce memory usage. Loaded Objects now: 1983.
Total: 2.882000 ms (FindLiveObjects: 0.388200 ms CreateObjectMapping: 0.092200 ms MarkObjects: 2.239500 ms  DeleteObjects: 0.160000 ms)

AssetImportParameters requested are different than current active one (requested -> active):
  custom:graphics/normal-map-encoding: 01000000000000000000000000000000 -> 02000000000000000000000000000000
========================================================================
Received Prepare
Registering precompiled user dll's ...
Registered in 0.000950 seconds.
Begin MonoManager ReloadAssembly
Native extension for WindowsStandalone target not found
Native extension for WebGL target not found
Refreshing native plugins compatible for Editor in 0.42 ms, found 0 plugins.
Preloading 0 native plugins for Editor in 0.00 ms.
Mono: successfully reloaded assembly
- Completed reload, in  1.493 seconds
Platform modules already initialized, skipping
Switching build target platform(5) subTarget(0) extendedPlatform(0) -> platform(13) subTarget(537395200) extendedPlatform(0)
Refreshing native plugins compatible for Editor in 0.41 ms, found 0 plugins.
Preloading 0 native plugins for Editor in 0.00 ms.
Unloading 1463 Unused Serialized files (Serialized files now loaded: 0)
System memory in use before: 73.2 MB.
System memory in use after: 73.2 MB.

Unloading 6 unused Assets to reduce memory usage. Loaded Objects now: 1986.
Total: 2.565200 ms (FindLiveObjects: 0.312100 ms CreateObjectMapping: 0.078200 ms MarkObjects: 2.040100 ms  DeleteObjects: 0.133600 ms)

AssetImportParameters requested are different than current active one (requested -> active):
  custom:graphics/normal-map-encoding: 01000000000000000000000000000000 -> 02000000000000000000000000000000
========================================================================
Received Prepare
Registering precompiled user dll's ...
Registered in 0.000872 seconds.
Begin MonoManager ReloadAssembly
Native extension for WindowsStandalone target not found
Native extension for WebGL target not found
Refreshing native plugins compatible for Editor in 0.40 ms, found 0 plugins.
Preloading 0 native plugins for Editor in 0.00 ms.
Mono: successfully reloaded assembly
- Completed reload, in  1.416 seconds
Platform modules already initialized, skipping
Switching build target platform(5) subTarget(0) extendedPlatform(0) -> platform(13) subTarget(537395200) extendedPlatform(0)
Refreshing native plugins compatible for Editor in 0.41 ms, found 0 plugins.
Preloading 0 native plugins for Editor in 0.00 ms.
Unloading 1463 Unused Serialized files (Serialized files now loaded: 0)
System memory in use before: 73.2 MB.
System memory in use after: 73.2 MB.

Unloading 6 unused Assets to reduce memory usage. Loaded Objects now: 1989.
Total: 3.023200 ms (FindLiveObjects: 0.336700 ms CreateObjectMapping: 0.097000 ms MarkObjects: 2.440300 ms  DeleteObjects: 0.147800 ms)

AssetImportParameters requested are different than current active one (requested -> active):
  custom:graphics/normal-map-encoding: 01000000000000000000000000000000 -> 02000000000000000000000000000000
========================================================================
Received Prepare
Registering precompiled user dll's ...
Registered in 0.001034 seconds.
Begin MonoManager ReloadAssembly
Native extension for WindowsStandalone target not found
Native extension for WebGL target not found
Refreshing native plugins compatible for Editor in 0.41 ms, found 0 plugins.
Preloading 0 native plugins for Editor in 0.00 ms.
Mono: successfully reloaded assembly
- Completed reload, in  1.496 seconds
Platform modules already initialized, skipping
Switching build target platform(5) subTarget(0) extendedPlatform(0) -> platform(13) subTarget(537395200) extendedPlatform(0)
Refreshing native plugins compatible for Editor in 0.39 ms, found 0 plugins.
Preloading 0 native plugins for Editor in 0.00 ms.
Unloading 1463 Unused Serialized files (Serialized files now loaded: 0)
System memory in use before: 73.2 MB.
System memory in use after: 73.2 MB.

Unloading 6 unused Assets to reduce memory usage. Loaded Objects now: 1992.
Total: 2.549400 ms (FindLiveObjects: 0.274600 ms CreateObjectMapping: 0.077800 ms MarkObjects: 2.068900 ms  DeleteObjects: 0.126800 ms)

AssetImportParameters requested are different than current active one (requested -> active):
  custom:graphics/normal-map-encoding: 01000000000000000000000000000000 -> 02000000000000000000000000000000
========================================================================
Received Prepare
Refreshing native plugins compatible for Editor in 1.11 ms, found 0 plugins.
Preloading 0 native plugins for Editor in 0.00 ms.
Unloading 4 Unused Serialized files (Serialized files now loaded: 0)
System memory in use before: 44.8 MB.
System memory in use after: 44.9 MB.

Unloading 4 unused Assets to reduce memory usage. Loaded Objects now: 1992.
Total: 2.908400 ms (FindLiveObjects: 0.320100 ms CreateObjectMapping: 0.079800 ms MarkObjects: 2.304500 ms  DeleteObjects: 0.202200 ms)

========================================================================
Received Prepare
Registering precompiled user dll's ...
Registered in 0.001022 seconds.
Begin MonoManager ReloadAssembly
Native extension for WindowsStandalone target not found
Native extension for WebGL target not found
Refreshing native plugins compatible for Editor in 0.46 ms, found 0 plugins.
Preloading 0 native plugins for Editor in 0.00 ms.
Mono: successfully reloaded assembly
- Completed reload, in  1.463 seconds
Platform modules already initialized, skipping
Switching build target platform(5) subTarget(0) extendedPlatform(0) -> platform(13) subTarget(537395200) extendedPlatform(0)
Refreshing native plugins compatible for Editor in 0.44 ms, found 0 plugins.
Preloading 0 native plugins for Editor in 0.00 ms.
Unloading 1463 Unused Serialized files (Serialized files now loaded: 0)
System memory in use before: 73.2 MB.
System memory in use after: 73.2 MB.

Unloading 6 unused Assets to reduce memory usage. Loaded Objects now: 1995.
Total: 2.965400 ms (FindLiveObjects: 0.324900 ms CreateObjectMapping: 0.075900 ms MarkObjects: 2.408500 ms  DeleteObjects: 0.154200 ms)

AssetImportParameters requested are different than current active one (requested -> active):
  custom:graphics/normal-map-encoding: 01000000000000000000000000000000 -> 02000000000000000000000000000000
========================================================================
Received Prepare
Registering precompiled user dll's ...
Registered in 0.001402 seconds.
Begin MonoManager ReloadAssembly
Native extension for WindowsStandalone target not found
Native extension for WebGL target not found
Refreshing native plugins compatible for Editor in 0.41 ms, found 0 plugins.
Preloading 0 native plugins for Editor in 0.00 ms.
Mono: successfully reloaded assembly
- Completed reload, in  1.676 seconds
Platform modules already initialized, skipping
Switching build target platform(5) subTarget(0) extendedPlatform(0) -> platform(13) subTarget(537395200) extendedPlatform(0)
Refreshing native plugins compatible for Editor in 0.55 ms, found 0 plugins.
Preloading 0 native plugins for Editor in 0.00 ms.
Unloading 1463 Unused Serialized files (Serialized files now loaded: 0)
System memory in use before: 73.2 MB.
System memory in use after: 73.2 MB.

Unloading 6 unused Assets to reduce memory usage. Loaded Objects now: 1998.
Total: 3.411400 ms (FindLiveObjects: 0.310100 ms CreateObjectMapping: 0.082200 ms MarkObjects: 2.877000 ms  DeleteObjects: 0.140400 ms)

AssetImportParameters requested are different than current active one (requested -> active):
  custom:graphics/normal-map-encoding: 01000000000000000000000000000000 -> 02000000000000000000000000000000
========================================================================
Received Prepare
Refreshing native plugins compatible for Editor in 1.56 ms, found 0 plugins.
Preloading 0 native plugins for Editor in 0.00 ms.
Unloading 4 Unused Serialized files (Serialized files now loaded: 0)
System memory in use before: 44.9 MB.
System memory in use after: 44.9 MB.

Unloading 4 unused Assets to reduce memory usage. Loaded Objects now: 1998.
Total: 285.175600 ms (FindLiveObjects: 0.453700 ms CreateObjectMapping: 0.107200 ms MarkObjects: 284.195100 ms  DeleteObjects: 0.417700 ms)

AssetImportWorkerClient::OnTransportError - code=2 error=End of file
